                                      1 ;--------------------------------------------------------
                                      2 ; File Created by SDCC : free open source ISO C Compiler
                                      3 ; Version 4.5.1 #15267 (MINGW64)
                                      4 ;--------------------------------------------------------
                                      5 	.module assets
                                      6 	
                                      7 ;--------------------------------------------------------
                                      8 ; Public variables in this module
                                      9 ;--------------------------------------------------------
                                     10 	.globl _MAX_LEVELS
                                     11 	.globl _game_levels
                                     12 	.globl _level_4
                                     13 	.globl _level_3
                                     14 	.globl _level_2
                                     15 	.globl _level_1
                                     16 	.globl _level_0
                                     17 	.globl b___func_stereomadness_16high
                                     18 	.globl ___func_stereomadness_16high
                                     19 	.globl b___func_stereomadness_screen3
                                     20 	.globl ___func_stereomadness_screen3
                                     21 	.globl b___func_stereomadness_screen0
                                     22 	.globl ___func_stereomadness_screen0
                                     23 	.globl b___func_famidash_chr_tiles
                                     24 	.globl ___func_famidash_chr_tiles
                                     25 	.globl b___func_tileset
                                     26 	.globl ___func_tileset
                                     27 	.globl b___func_test
                                     28 	.globl ___func_test
                                     29 	.globl b___func_map_test
                                     30 	.globl ___func_map_test
                                     31 	.globl b___func_tiles_test
                                     32 	.globl ___func_tiles_test
                                     33 ;--------------------------------------------------------
                                     34 ; special function registers
                                     35 ;--------------------------------------------------------
                                     36 	.area _HRAM
                                     37 ;--------------------------------------------------------
                                     38 ; ram data
                                     39 ;--------------------------------------------------------
                                     40 	.area _DATA
                                     41 ;--------------------------------------------------------
                                     42 ; ram data
                                     43 ;--------------------------------------------------------
                                     44 	.area _INITIALIZED
                                     45 ;--------------------------------------------------------
                                     46 ; absolute external ram data
                                     47 ;--------------------------------------------------------
                                     48 	.area _DABS (ABS)
                                     49 ;--------------------------------------------------------
                                     50 ; global & static initialisations
                                     51 ;--------------------------------------------------------
                                     52 	.area _HOME
                                     53 	.area _GSINIT
                                     54 	.area _GSFINAL
                                     55 	.area _GSINIT
                                     56 ;--------------------------------------------------------
                                     57 ; Home
                                     58 ;--------------------------------------------------------
                                     59 	.area _HOME
                                     60 	.area _HOME
                                     61 ;--------------------------------------------------------
                                     62 ; code
                                     63 ;--------------------------------------------------------
                                     64 	.area _CODE
                                     65 ;src/assets.c:4: INCBIN(tiles_test,            "levels/level_data/test_tiles.zx0")
                                     66 ;	---------------------------------
                                     67 ; Function __func_tiles_test
                                     68 ; ---------------------------------
                         00000000    69 	b___func_tiles_test	= 0
    00000000                         70 ___func_tiles_test::
    00000000                         71 _tiles_test::
    00000000                         72 1$:
    00000000 3D 00 FF FC 3D FE 1B    73 	.incbin "levels/level_data/test_tiles.zx0" 
             0C 8A F4 01 AA 07 1F
             B8 7F A0 2E FC 80 12
             EA F8 D4 FE 3D 7C 29
             80 BA 0E 88 AF 1D 11
             75 F9 FC A8 2E FE 00
             5F 62 7E B5 FC 69 FE
             3A A1 C0 A0 F0 A2 01
             94 FF 93 7F 80 1F E0
             0C F3 86 80 3C E0 1F
             60 78 A0 5B 0F FA 69
             61 FD E0 29 1F 73 E2
             5F 11 DE 0C 22 79 C6
             63 80 7F E1 FD E0 8F
             03 FC 65 F8 59 B6 20
             0C F3 3F C0 38 A8 78
             3B FF F8 07 65 B5 3E
             1F B8 FD A5 8D D8 60
             E7 FC
    00000185                         74 2$:
                         00000185    75 	___size_tiles_test = (2$-1$) 
                                     76 	.globl ___size_tiles_test 
                                     77 	.local b___func_tiles_test 
                         00000000    78 	___bank_tiles_test = b___func_tiles_test 
                                     79 	.globl ___bank_tiles_test 
                                     80 ;src/assets.c:5: INCBIN(map_test,              "levels/level_data/test_map.zx0")
                                     81 ;	---------------------------------
                                     82 ; Function __func_map_test
                                     83 ; ---------------------------------
                         00000000    84 	b___func_map_test	= 0
    00000185                         85 ___func_map_test::
    00000185                         86 _map_test::
    00000185                         87 1$:
    00000185 94 00 56 90 01 B8 02    88 	.incbin "levels/level_data/test_map.zx0" 
             EA 60 86 03 04 05 06
             38 07 08 F0 BB 09 FF
             0A A1 A2 EB 0B 0C 0D
             0E 0F EC 10 E8 E1 FF
             11 9A 12 13 00 12 14
             15 16 00 17 18 19 17
             1A 11 59 E8 1B 1C 1D
             F4 2F 1E 1F 20 21 FE
             02 81 22 61 06 23 24
             25 26 27 01 28 29 2A
             2B 2C 2D 2E 2F 30 31
             32 33 34 01 35 36 37
             38 39 3A 3B 3C 3D 3E
             3F 40 41 42 3F 43 44
             45 46 01 47 05 A0 48
             57 55 55 80
    000001F9                         89 2$:
                         00000074    90 	___size_map_test = (2$-1$) 
                                     91 	.globl ___size_map_test 
                                     92 	.local b___func_map_test 
                         00000000    93 	___bank_map_test = b___func_map_test 
                                     94 	.globl ___bank_map_test 
                                     95 ;src/assets.c:6: INCBIN(test,                  "levels/level_data/test.zx0")
                                     96 ;	---------------------------------
                                     97 ; Function __func_test
                                     98 ; ---------------------------------
                         00000000    99 	b___func_test	= 0
    000001F9                        100 ___func_test::
    000001F9                        101 _test::
    000001F9                        102 1$:
    000001F9 DB 01 02 03 04 05 06   103 	.incbin "levels/level_data/test.zx0" 
             07 08 09 0A 0B 0C 0D
             0E 0F 10 11 12 13 14
             15 16 17 18 19 1A 1B
             1C 25 00 C1 02 02 83
             D8 FF C1 1C 00 0F 01
             00
    00000224                        104 2$:
                         0000002B   105 	___size_test = (2$-1$) 
                                    106 	.globl ___size_test 
                                    107 	.local b___func_test 
                         00000000   108 	___bank_test = b___func_test 
                                    109 	.globl ___bank_test 
                                    110 ;src/assets.c:7: INCBIN(tileset,               "levels/level_data/tileset.zx0")
                                    111 ;	---------------------------------
                                    112 ; Function __func_tileset
                                    113 ; ---------------------------------
                         00000000   114 	b___func_tileset	= 0
    00000224                        115 ___func_tileset::
    00000224                        116 _tileset::
    00000224                        117 1$:
    00000224 95 00 AA 01 03 6A 07   118 	.incbin "levels/level_data/tileset.zx0" 
             06 06 07 0A 0F 0A 0F
             10 1F 80 A6 C0 A0 E0
             E4 A0 E0 B0 F0 FD 89
             08 F8 10 1F 35 2A 3A
             55 6A 7F 40 D5 80 FF
             FF E3 DD 54 AC 93 FD
             56 AA FE 02 55 01 A7
             FF FF 8E D3 AA 80 C5
             7B 6A 55 2A AE F8 81
             BD 5D E7 AB 01 C5 AA
             56 AC BE AE 80 38 0D
             0F FD FF 05 07 3D 30
             E3 25 81 50 F0 8F FD
             60 E0 FF FD 30 25 DE
             F4 01 4E 1E 1F 70 7F
             FE FF B1 07 19 19 7D
             61 89 F1 7D 81 09 89
             F8 3F
    0000042A                        119 2$:
                         00000206   120 	___size_tileset = (2$-1$) 
                                    121 	.globl ___size_tileset 
                                    122 	.local b___func_tileset 
                         00000000   123 	___bank_tileset = b___func_tileset 
                                    124 	.globl ___bank_tileset 
                                    125 ;src/assets.c:8: INCBIN(famidash_chr_tiles,    "levels/famidash/famidash_chr_tiles.bin")
                                    126 ;	---------------------------------
                                    127 ; Function __func_famidash_chr_tiles
                                    128 ; ---------------------------------
                         00000000   129 	b___func_famidash_chr_tiles	= 0
    0000042A                        130 ___func_famidash_chr_tiles::
    0000042A                        131 _famidash_chr_tiles::
    0000042A                        132 1$:
    0000042A 00 00 00 00 00 00 00   133 	.incbin "levels/famidash/famidash_chr_tiles.bin" 
             00 00 00 00 00 00 00
             00 00 00 00 FF FF 7F
             7F 7F 7F 7F 7F 3F 3F
             1F 1F 0E 0E 00 00 7F
             7F 3F 3F 1F 1F 0F 0F
             07 07 03 03 00 00 00
             00 FF FF FF FF FF FF
             FF FF FF FF 1F 1F 0E
             0E 00 00 FE FE FC FC
             F8 F8 F0 F0 C0 C0 00
             00 00 00 00 7E 2A 7E
             3C 3C 3C 3C 18 18 18
             18 00 00 00 00 FF FF
             FF FF 5B 5B 12 12 10
             10 00 00 00 00 00 00
             FF FF FF FF EE EE E4
             E4 40 40 40 40 00 00
             00 00
    0000142A                        134 2$:
                         00001000   135 	___size_famidash_chr_tiles = (2$-1$) 
                                    136 	.globl ___size_famidash_chr_tiles 
                                    137 	.local b___func_famidash_chr_tiles 
                         00000000   138 	___bank_famidash_chr_tiles = b___func_famidash_chr_tiles 
                                    139 	.globl ___bank_famidash_chr_tiles 
                                    140 ;src/assets.c:9: INCBIN(stereomadness_screen0, "levels/level_data/stereomadness_screen0.bin")
                                    141 ;	---------------------------------
                                    142 ; Function __func_stereomadness_screen0
                                    143 ; ---------------------------------
                         00000000   144 	b___func_stereomadness_screen0	= 0
    0000142A                        145 ___func_stereomadness_screen0::
    0000142A                        146 _stereomadness_screen0::
    0000142A                        147 1$:
    0000142A 00 00 00 00 00 00 00   148 	.incbin "levels/level_data/stereomadness_screen0.bin" 
             00 00 00 00 00 00 00
             00 00 00 00 00 00 00
             00 00 00 00 00 00 00
             00 00 00 00 00 00 00
             00 00 00 00 00 00 00
             00 00 00 00 00 00 00
             00 00 00 00 00 00 00
             00 00 00 00 00 00 00
             00 00 00 00 00 00 00
             00 00 00 00 00 00 00
             00 00 00 00 00 00 00
             00 00 00 00 00 00
    00001484                        149 2$:
                         0000005A   150 	___size_stereomadness_screen0 = (2$-1$) 
                                    151 	.globl ___size_stereomadness_screen0 
                                    152 	.local b___func_stereomadness_screen0 
                         00000000   153 	___bank_stereomadness_screen0 = b___func_stereomadness_screen0 
                                    154 	.globl ___bank_stereomadness_screen0 
                                    155 ;src/assets.c:10: INCBIN(stereomadness_screen3, "levels/level_data/stereomadness_screen3.bin")
                                    156 ;	---------------------------------
                                    157 ; Function __func_stereomadness_screen3
                                    158 ; ---------------------------------
                         00000000   159 	b___func_stereomadness_screen3	= 0
    00001484                        160 ___func_stereomadness_screen3::
    00001484                        161 _stereomadness_screen3::
    00001484                        162 1$:
    00001484 00 00 00 00 00 00 00   163 	.incbin "levels/level_data/stereomadness_screen3.bin" 
             00 00 00 00 00 00 00
             00 00 00 00 00 00 00
             00 00 00 00 00 00 00
             00 00 00 00 00 00 00
             00 00 00 00 00 00 00
             00 00 00 00 00 00 00
             00 00 00 00 00 00 00
             00 00 00 00 00 00 00
             00 00 00 00 00 00 00
             00 00 00 00 00 00 00
             00 00 00 00 00 12 11
             00 00 00 00 00 00
    000014DE                        164 2$:
                         0000005A   165 	___size_stereomadness_screen3 = (2$-1$) 
                                    166 	.globl ___size_stereomadness_screen3 
                                    167 	.local b___func_stereomadness_screen3 
                         00000000   168 	___bank_stereomadness_screen3 = b___func_stereomadness_screen3 
                                    169 	.globl ___bank_stereomadness_screen3 
                                    170 ;src/assets.c:13: INCBIN(stereomadness_16high,  "levels/level_data/stereomadness_16high.bin")
                                    171 ;	---------------------------------
                                    172 ; Function __func_stereomadness_16high
                                    173 ; ---------------------------------
                         00000000   174 	b___func_stereomadness_16high	= 0
    000014DE                        175 ___func_stereomadness_16high::
    000014DE                        176 _stereomadness_16high::
    000014DE                        177 1$:
    000014DE 00 00 00 00 00 00 00   178 	.incbin "levels/level_data/stereomadness_16high.bin" 
             00 00 00 00 00 00 00
             00 00 00 00 00 00 00
             00 00 00 00 00 00 00
             00 00 00 00 00 00 00
             00 00 00 00 00 00 00
             00 00 00 00 00 00 00
             00 00 00 00 00 00 00
             00 00 00 00 00 00 00
             00 00 00 00 00 00 00
             00 00 00 00 00 00 00
             00 00 00 00 00 00 00
             00 00 00 00 00 00 00
             00 00 00 00 00 00 00
             00 00 00 00 00 00 00
             00 00 00 00 00 00 00
             00 00 00 00 00 00 00
             00 00 00 00 00 00 00
             00 00
    00004CBE                        179 2$:
                         000037E0   180 	___size_stereomadness_16high = (2$-1$) 
                                    181 	.globl ___size_stereomadness_16high 
                                    182 	.local b___func_stereomadness_16high 
                         00000000   183 	___bank_stereomadness_16high = b___func_stereomadness_16high 
                                    184 	.globl ___bank_stereomadness_16high 
                                    185 	.area _CODE
    00004CBE                        186 _level_0:
    00004CBEr0Fr4D                  187 	.dw __str_0
    00004CC0r00r00                  188 	.dw _tiles_test
    00004CC2r85r01                  189 	.dw _map_test
    00004CC4 49 00                  190 	.dw #0x0049
    00004CC6 0A 00                  191 	.dw #0x000a
    00004CC8 09 00                  192 	.dw #0x0009
    00004CCA 01                     193 	.db #0x01	; 1
    00004CCB 01                     194 	.db #0x01	; 1
    00004CCC                        195 _level_1:
    00004CCCr18r4D                  196 	.dw __str_1
    00004CCEr24r02                  197 	.dw _tileset
    00004CD0rF9r01                  198 	.dw _test
    00004CD2 40 00                  199 	.dw #0x0040
    00004CD4 0A 00                  200 	.dw #0x000a
    00004CD6 09 00                  201 	.dw #0x0009
    00004CD8 01                     202 	.db #0x01	; 1
    00004CD9 01                     203 	.db #0x01	; 1
    00004CDA                        204 _level_2:
    00004CDAr1Fr4D                  205 	.dw __str_2
    00004CDCr2Ar04                  206 	.dw _famidash_chr_tiles
    00004CDEr2Ar14                  207 	.dw _stereomadness_screen0
    00004CE0 00 01                  208 	.dw #0x0100
    00004CE2 0A 00                  209 	.dw #0x000a
    00004CE4 09 00                  210 	.dw #0x0009
    00004CE6 00                     211 	.db #0x00	; 0
    00004CE7 00                     212 	.db #0x00	; 0
    00004CE8                        213 _level_3:
    00004CE8r28r4D                  214 	.dw __str_3
    00004CEAr2Ar04                  215 	.dw _famidash_chr_tiles
    00004CECr84r14                  216 	.dw _stereomadness_screen3
    00004CEE 00 01                  217 	.dw #0x0100
    00004CF0 0A 00                  218 	.dw #0x000a
    00004CF2 09 00                  219 	.dw #0x0009
    00004CF4 00                     220 	.db #0x00	; 0
    00004CF5 00                     221 	.db #0x00	; 0
    00004CF6                        222 _level_4:
    00004CF6r33r4D                  223 	.dw __str_4
    00004CF8r2Ar04                  224 	.dw _famidash_chr_tiles
    00004CFArDEr14                  225 	.dw _stereomadness_16high
    00004CFC 00 01                  226 	.dw #0x0100
    00004CFE 7E 03                  227 	.dw #0x037e
    00004D00 10 00                  228 	.dw #0x0010
    00004D02 00                     229 	.db #0x00	; 0
    00004D03 00                     230 	.db #0x00	; 0
    00004D04                        231 _game_levels:
    00004D04rBEr4C                  232 	.dw _level_0
    00004D06rCCr4C                  233 	.dw _level_1
    00004D08rDAr4C                  234 	.dw _level_2
    00004D0ArE8r4C                  235 	.dw _level_3
    00004D0CrF6r4C                  236 	.dw _level_4
    00004D0E                        237 _MAX_LEVELS:
    00004D0E 05                     238 	.db #0x05	; 5
    00004D0F                        239 __str_0:
    00004D0F 50 52 55 45 42 41 20   240 	.ascii "PRUEBA 1"
             31
    00004D17 00                     241 	.db 0x00
    00004D18                        242 __str_1:
    00004D18 54 45 53 54 30 30      243 	.ascii "TEST00"
    00004D1E 00                     244 	.db 0x00
    00004D1F                        245 __str_2:
    00004D1F 53 4D 20 53 54 41 52   246 	.ascii "SM START"
             54
    00004D27 00                     247 	.db 0x00
    00004D28                        248 __str_3:
    00004D28 53 4D 20 53 43 52 45   249 	.ascii "SM SCREEN3"
             45 4E 33
    00004D32 00                     250 	.db 0x00
    00004D33                        251 __str_4:
    00004D33 53 54 45 52 45 4F 20   252 	.ascii "STEREO MADNESS"
             4D 41 44 4E 45 53 53
    00004D41 00                     253 	.db 0x00
                                    254 	.area _INITIALIZER
                                    255 	.area _CABS (ABS)
